<?xml version="1.0" encoding="UTF-8"?>
<!-- Generated by org.testng.reporters.JUnitReportReporter -->
<testsuite name="com.hackathon.tests.FreeListingPageTest" tests="2" time="12.229" ignored="0" failures="0" timestamp="24 Jul 2023 07:49:54 GMT" skipped="0" hostname="LTIN203213" errors="0">
  <testcase name="SubmitFreeListingWithInvalidMobileNumber" time="2.303" classname="com.hackathon.tests.FreeListingPageTest"/>
  <testcase name="OpenFreeListingPage" time="9.926" classname="com.hackathon.tests.FreeListingPageTest"/>
</testsuite> <!-- com.hackathon.tests.FreeListingPageTest -->
