<?xml version="1.0" encoding="UTF-8"?>
<!-- Generated by org.testng.reporters.JUnitReportReporter -->
<testsuite name="com.hackathon.tests.OpenJustDialHomePage" tests="2" time="9.711" ignored="0" failures="0" timestamp="24 Jul 2023 07:49:54 GMT" skipped="0" hostname="LTIN203213" errors="0">
  <testcase name="OpenJustdialHomePage" time="5.534" classname="com.hackathon.tests.OpenJustDialHomePage"/>
  <testcase name="CloseLoginPopup" time="4.177" classname="com.hackathon.tests.OpenJustDialHomePage"/>
</testsuite> <!-- com.hackathon.tests.OpenJustDialHomePage -->
