<?xml version="1.0" encoding="UTF-8"?>
<!-- Generated by org.testng.reporters.JUnitReportReporter -->
<testsuite name="com.hackathon.tests.IdentifyCarWashServices" tests="5" time="20.421" ignored="0" failures="0" timestamp="24 Jul 2023 07:49:54 GMT" skipped="0" hostname="LTIN203213" errors="0">
  <testcase name="SelectLocation" time="4.088" classname="com.hackathon.tests.IdentifyCarWashServices"/>
  <testcase name="SortSearchResultByRating" time="0.487" classname="com.hackathon.tests.IdentifyCarWashServices"/>
  <testcase name="SearchForCarWashServices" time="2.796" classname="com.hackathon.tests.IdentifyCarWashServices"/>
  <testcase name="IdentifyTopFiveCarWashingService" time="7.107" classname="com.hackathon.tests.IdentifyCarWashServices"/>
  <testcase name="NavigateBackToHomePage" time="5.943" classname="com.hackathon.tests.IdentifyCarWashServices"/>
</testsuite> <!-- com.hackathon.tests.IdentifyCarWashServices -->
