<?xml version="1.0" encoding="UTF-8"?>
<!-- Generated by org.testng.reporters.JUnitReportReporter -->
<testsuite name="com.hackathon.tests.ExploreGymSection" tests="3" time="32.988" ignored="0" failures="0" timestamp="24 Jul 2023 07:49:54 GMT" skipped="0" hostname="LTIN203213" errors="0">
  <testcase name="ListAndStoreAllSubmenuItems" time="2.821" classname="com.hackathon.tests.ExploreGymSection"/>
  <testcase name="NavigateBackToHomePage" time="13.641" classname="com.hackathon.tests.ExploreGymSection"/>
  <testcase name="OpenGymSection" time="16.526" classname="com.hackathon.tests.ExploreGymSection"/>
</testsuite> <!-- com.hackathon.tests.ExploreGymSection -->
